04-Nov-2023 10:49:27.812 INFO [main] org.apache.catalina.startup.VersionLoggerListener.log Nom version serveur :              Apache Tomcat/9.0.82
04-Nov-2023 10:49:27.820 INFO [main] org.apache.catalina.startup.VersionLoggerListener.log Serveur compilé :                  Oct 11 2023 13:15:08 UTC
04-Nov-2023 10:49:27.821 INFO [main] org.apache.catalina.startup.VersionLoggerListener.log Version du serveur :               9.0.82.0
04-Nov-2023 10:49:27.821 INFO [main] org.apache.catalina.startup.VersionLoggerListener.log Nom de l'OS :                      Windows 11
04-Nov-2023 10:49:27.821 INFO [main] org.apache.catalina.startup.VersionLoggerListener.log Version OS :                       10.0
04-Nov-2023 10:49:27.822 INFO [main] org.apache.catalina.startup.VersionLoggerListener.log Architecture :                     amd64
04-Nov-2023 10:49:27.822 INFO [main] org.apache.catalina.startup.VersionLoggerListener.log Java Home :                        C:\Program Files\Java\jdk-17
04-Nov-2023 10:49:27.822 INFO [main] org.apache.catalina.startup.VersionLoggerListener.log Version JVM :                      17.0.8+9-LTS-211
04-Nov-2023 10:49:27.822 INFO [main] org.apache.catalina.startup.VersionLoggerListener.log Fournisseur de la JVM :            Oracle Corporation
04-Nov-2023 10:49:27.823 INFO [main] org.apache.catalina.startup.VersionLoggerListener.log CATALINA_BASE :                    C:\Users\abdelrahman\OneDrive\Bureau\cours\SOA\institu_soa
04-Nov-2023 10:49:27.823 INFO [main] org.apache.catalina.startup.VersionLoggerListener.log CATALINA_HOME :                    C:\Program Files\apache-tomcat-9.0.82-windows-x64\apache-tomcat-9.0.82
04-Nov-2023 10:49:27.859 INFO [main] org.apache.catalina.startup.VersionLoggerListener.log Argument de la ligne de commande : --add-opens=java.base/java.lang=ALL-UNNAMED
04-Nov-2023 10:49:27.859 INFO [main] org.apache.catalina.startup.VersionLoggerListener.log Argument de la ligne de commande : --add-opens=java.base/java.io=ALL-UNNAMED
04-Nov-2023 10:49:27.860 INFO [main] org.apache.catalina.startup.VersionLoggerListener.log Argument de la ligne de commande : --add-opens=java.base/java.util=ALL-UNNAMED
04-Nov-2023 10:49:27.860 INFO [main] org.apache.catalina.startup.VersionLoggerListener.log Argument de la ligne de commande : --add-opens=java.base/java.util.concurrent=ALL-UNNAMED
04-Nov-2023 10:49:27.860 INFO [main] org.apache.catalina.startup.VersionLoggerListener.log Argument de la ligne de commande : --add-opens=java.rmi/sun.rmi.transport=ALL-UNNAMED
04-Nov-2023 10:49:27.861 INFO [main] org.apache.catalina.startup.VersionLoggerListener.log Argument de la ligne de commande : -Dcatalina.home=C:\Program Files\apache-tomcat-9.0.82-windows-x64\apache-tomcat-9.0.82
04-Nov-2023 10:49:27.861 INFO [main] org.apache.catalina.startup.VersionLoggerListener.log Argument de la ligne de commande : -Dcatalina.base=C:\Users\abdelrahman\OneDrive\Bureau\cours\SOA\institu_soa
04-Nov-2023 10:49:27.861 INFO [main] org.apache.catalina.startup.VersionLoggerListener.log Argument de la ligne de commande : -Djava.io.tmpdir=C:\Users\abdelrahman\OneDrive\Bureau\cours\SOA\institu_soa\temp
04-Nov-2023 10:49:27.861 INFO [main] org.apache.catalina.startup.VersionLoggerListener.log Argument de la ligne de commande : -Djava.util.logging.config.file=C:\Users\abdelrahman\OneDrive\Bureau\cours\SOA\institu_soa\conf\logging.properties
04-Nov-2023 10:49:27.862 INFO [main] org.apache.catalina.startup.VersionLoggerListener.log Argument de la ligne de commande : -Djava.util.logging.manager=org.apache.juli.ClassLoaderLogManager
04-Nov-2023 10:49:27.862 INFO [main] org.apache.catalina.startup.VersionLoggerListener.log Argument de la ligne de commande : -javaagent:C:\Program Files\JetBrains\IntelliJ IDEA 2022.3.2\lib\idea_rt.jar=53935:C:\Program Files\JetBrains\IntelliJ IDEA 2022.3.2\bin
04-Nov-2023 10:49:27.862 INFO [main] org.apache.catalina.startup.VersionLoggerListener.log Argument de la ligne de commande : -Dfile.encoding=UTF-8
04-Nov-2023 10:49:27.882 INFO [main] org.apache.catalina.core.AprLifecycleListener.lifecycleEvent Chargement de la librairie Apache Tomcat Native [1.2.39] en utilisant APR version [1.7.4]
04-Nov-2023 10:49:27.883 INFO [main] org.apache.catalina.core.AprLifecycleListener.lifecycleEvent Fonctionnalités d'APR : IPv6 [true], sendfile [true], accept filters [false], random [true], UDS [true]
04-Nov-2023 10:49:27.883 INFO [main] org.apache.catalina.core.AprLifecycleListener.lifecycleEvent Configuration de APR/OpenSSL : useAprConnector [false], useOpenSSL [true]
04-Nov-2023 10:49:27.925 INFO [main] org.apache.catalina.core.AprLifecycleListener.initializeSSL OpenSSL a été initialisé avec succès [OpenSSL 3.0.11 19 Sep 2023]
04-Nov-2023 10:49:28.612 INFO [main] org.apache.coyote.AbstractProtocol.init Initialisation du gestionnaire de protocole ["http-nio-8080"]
04-Nov-2023 10:49:28.632 SEVERE [main] org.apache.catalina.util.LifecycleBase.handleSubClassException Echec d'initialisation du composant [Connector["http-nio-8080"]]
	org.apache.catalina.LifecycleException: L'initialisation du gestionnaire de protocole a échoué
		at org.apache.catalina.connector.Connector.initInternal(Connector.java:1011)
		at org.apache.catalina.util.LifecycleBase.init(LifecycleBase.java:127)
		at org.apache.catalina.core.StandardService.initInternal(StandardService.java:554)
		at org.apache.catalina.util.LifecycleBase.init(LifecycleBase.java:127)
		at org.apache.catalina.core.StandardServer.initInternal(StandardServer.java:1039)
		at org.apache.catalina.util.LifecycleBase.init(LifecycleBase.java:127)
		at org.apache.catalina.startup.Catalina.load(Catalina.java:724)
		at org.apache.catalina.startup.Catalina.load(Catalina.java:746)
		at java.base/jdk.internal.reflect.NativeMethodAccessorImpl.invoke0(Native Method)
		at java.base/jdk.internal.reflect.NativeMethodAccessorImpl.invoke(NativeMethodAccessorImpl.java:77)
		at java.base/jdk.internal.reflect.DelegatingMethodAccessorImpl.invoke(DelegatingMethodAccessorImpl.java:43)
		at java.base/java.lang.reflect.Method.invoke(Method.java:568)
		at org.apache.catalina.startup.Bootstrap.load(Bootstrap.java:307)
		at org.apache.catalina.startup.Bootstrap.main(Bootstrap.java:477)
	Caused by: java.net.BindException: Address already in use: bind
		at java.base/sun.nio.ch.Net.bind0(Native Method)
		at java.base/sun.nio.ch.Net.bind(Net.java:555)
		at java.base/sun.nio.ch.ServerSocketChannelImpl.netBind(ServerSocketChannelImpl.java:337)
		at java.base/sun.nio.ch.ServerSocketChannelImpl.bind(ServerSocketChannelImpl.java:294)
		at org.apache.tomcat.util.net.NioEndpoint.initServerSocket(NioEndpoint.java:276)
		at org.apache.tomcat.util.net.NioEndpoint.bind(NioEndpoint.java:231)
		at org.apache.tomcat.util.net.AbstractEndpoint.bindWithCleanup(AbstractEndpoint.java:1326)
		at org.apache.tomcat.util.net.AbstractEndpoint.init(AbstractEndpoint.java:1339)
		at org.apache.coyote.AbstractProtocol.init(AbstractProtocol.java:654)
		at org.apache.coyote.http11.AbstractHttp11Protocol.init(AbstractHttp11Protocol.java:75)
		at org.apache.catalina.connector.Connector.initInternal(Connector.java:1009)
		... 13 more
04-Nov-2023 10:49:28.633 INFO [main] org.apache.catalina.startup.Catalina.load L'initialisation du serveur a pris [1428] millisecondes
04-Nov-2023 10:49:28.744 INFO [main] org.apache.catalina.core.StandardService.startInternal Démarrage du service [Catalina]
04-Nov-2023 10:49:28.744 INFO [main] org.apache.catalina.core.StandardEngine.startInternal Démarrage du moteur de Servlets : [Apache Tomcat/9.0.82]
04-Nov-2023 10:49:28.777 INFO [main] org.apache.catalina.startup.HostConfig.deployDescriptor Déploiement du descripteur de configuration [C:\Users\abdelrahman\OneDrive\Bureau\cours\SOA\institu_soa\conf\Catalina\localhost\institu_soa.xml]
04-Nov-2023 10:49:31.355 WARNING [main] org.apache.tomcat.util.descriptor.web.WebXml.setVersion Version [6.0] inconnue, utilisation de la version par défaut
04-Nov-2023 10:49:31.374 WARNING [main] org.apache.tomcat.util.descriptor.web.WebXml.setVersion Version [5.0] inconnue, utilisation de la version par défaut
04-Nov-2023 10:49:31.591 WARNING [main] org.apache.tomcat.util.descriptor.web.WebXml.setVersion Version [6.0] inconnue, utilisation de la version par défaut
04-Nov-2023 10:49:52.825 INFO [main] org.apache.jasper.servlet.TldScanner.scanJars Au moins un fichier JAR a été analysé pour trouver des TLDs mais il n'en contenait pas, le mode "debug" du journal peut être activé pour obtenir une liste complète de JAR scannés sans succès ; éviter d'analyser des JARs inutilement peut améliorer sensiblement le temps de démarrage et le temps de compilation des JSPs
04-Nov-2023 10:49:53.013 INFO [main] org.apache.catalina.startup.HostConfig.deployDescriptor Le traitement du descripteur de déploiement [C:\Users\abdelrahman\OneDrive\Bureau\cours\SOA\institu_soa\conf\Catalina\localhost\institu_soa.xml] a pris [24 231] ms
04-Nov-2023 10:49:53.026 INFO [main] org.apache.catalina.startup.Catalina.start Le démarrage du serveur a pris [24392] millisecondes
04-Nov-2023 10:51:06.487 INFO [Thread-1] org.apache.coyote.AbstractProtocol.pause Le gestionnaire de protocole ["http-nio-8080"] est mis en pause
04-Nov-2023 10:51:06.487 INFO [Thread-1] org.apache.catalina.core.StandardService.stopInternal Arrêt du service [Catalina]
04-Nov-2023 10:51:06.500 INFO [Thread-1] org.apache.coyote.AbstractProtocol.stop Arrêt du gestionnaire de protocole ["http-nio-8080"]
04-Nov-2023 10:51:06.501 INFO [Thread-1] org.apache.coyote.AbstractProtocol.destroy Destruction du gestionnaire de protocole ["http-nio-8080"]
04-Nov-2023 10:56:12.745 INFO [main] org.apache.catalina.startup.VersionLoggerListener.log Nom version serveur :              Apache Tomcat/9.0.82
04-Nov-2023 10:56:12.756 INFO [main] org.apache.catalina.startup.VersionLoggerListener.log Serveur compilé :                  Oct 11 2023 13:15:08 UTC
04-Nov-2023 10:56:12.756 INFO [main] org.apache.catalina.startup.VersionLoggerListener.log Version du serveur :               9.0.82.0
04-Nov-2023 10:56:12.757 INFO [main] org.apache.catalina.startup.VersionLoggerListener.log Nom de l'OS :                      Windows 11
04-Nov-2023 10:56:12.757 INFO [main] org.apache.catalina.startup.VersionLoggerListener.log Version OS :                       10.0
04-Nov-2023 10:56:12.757 INFO [main] org.apache.catalina.startup.VersionLoggerListener.log Architecture :                     amd64
04-Nov-2023 10:56:12.758 INFO [main] org.apache.catalina.startup.VersionLoggerListener.log Java Home :                        C:\Program Files\Java\jdk-17
04-Nov-2023 10:56:12.758 INFO [main] org.apache.catalina.startup.VersionLoggerListener.log Version JVM :                      17.0.8+9-LTS-211
04-Nov-2023 10:56:12.758 INFO [main] org.apache.catalina.startup.VersionLoggerListener.log Fournisseur de la JVM :            Oracle Corporation
04-Nov-2023 10:56:12.758 INFO [main] org.apache.catalina.startup.VersionLoggerListener.log CATALINA_BASE :                    C:\Users\abdelrahman\OneDrive\Bureau\cours\SOA\institu_soa
04-Nov-2023 10:56:12.759 INFO [main] org.apache.catalina.startup.VersionLoggerListener.log CATALINA_HOME :                    C:\Program Files\apache-tomcat-9.0.82-windows-x64\apache-tomcat-9.0.82
04-Nov-2023 10:56:12.786 INFO [main] org.apache.catalina.startup.VersionLoggerListener.log Argument de la ligne de commande : --add-opens=java.base/java.lang=ALL-UNNAMED
04-Nov-2023 10:56:12.786 INFO [main] org.apache.catalina.startup.VersionLoggerListener.log Argument de la ligne de commande : --add-opens=java.base/java.io=ALL-UNNAMED
04-Nov-2023 10:56:12.787 INFO [main] org.apache.catalina.startup.VersionLoggerListener.log Argument de la ligne de commande : --add-opens=java.base/java.util=ALL-UNNAMED
04-Nov-2023 10:56:12.787 INFO [main] org.apache.catalina.startup.VersionLoggerListener.log Argument de la ligne de commande : --add-opens=java.base/java.util.concurrent=ALL-UNNAMED
04-Nov-2023 10:56:12.787 INFO [main] org.apache.catalina.startup.VersionLoggerListener.log Argument de la ligne de commande : --add-opens=java.rmi/sun.rmi.transport=ALL-UNNAMED
04-Nov-2023 10:56:12.788 INFO [main] org.apache.catalina.startup.VersionLoggerListener.log Argument de la ligne de commande : -Dcatalina.home=C:\Program Files\apache-tomcat-9.0.82-windows-x64\apache-tomcat-9.0.82
04-Nov-2023 10:56:12.788 INFO [main] org.apache.catalina.startup.VersionLoggerListener.log Argument de la ligne de commande : -Dcatalina.base=C:\Users\abdelrahman\OneDrive\Bureau\cours\SOA\institu_soa
04-Nov-2023 10:56:12.788 INFO [main] org.apache.catalina.startup.VersionLoggerListener.log Argument de la ligne de commande : -Djava.io.tmpdir=C:\Users\abdelrahman\OneDrive\Bureau\cours\SOA\institu_soa\temp
04-Nov-2023 10:56:12.789 INFO [main] org.apache.catalina.startup.VersionLoggerListener.log Argument de la ligne de commande : -Djava.util.logging.config.file=C:\Users\abdelrahman\OneDrive\Bureau\cours\SOA\institu_soa\conf\logging.properties
04-Nov-2023 10:56:12.789 INFO [main] org.apache.catalina.startup.VersionLoggerListener.log Argument de la ligne de commande : -Djava.util.logging.manager=org.apache.juli.ClassLoaderLogManager
04-Nov-2023 10:56:12.789 INFO [main] org.apache.catalina.startup.VersionLoggerListener.log Argument de la ligne de commande : -javaagent:C:\Program Files\JetBrains\IntelliJ IDEA 2022.3.2\lib\idea_rt.jar=54035:C:\Program Files\JetBrains\IntelliJ IDEA 2022.3.2\bin
04-Nov-2023 10:56:12.789 INFO [main] org.apache.catalina.startup.VersionLoggerListener.log Argument de la ligne de commande : -Dfile.encoding=UTF-8
04-Nov-2023 10:56:12.801 INFO [main] org.apache.catalina.core.AprLifecycleListener.lifecycleEvent Chargement de la librairie Apache Tomcat Native [1.2.39] en utilisant APR version [1.7.4]
04-Nov-2023 10:56:12.801 INFO [main] org.apache.catalina.core.AprLifecycleListener.lifecycleEvent Fonctionnalités d'APR : IPv6 [true], sendfile [true], accept filters [false], random [true], UDS [true]
04-Nov-2023 10:56:12.801 INFO [main] org.apache.catalina.core.AprLifecycleListener.lifecycleEvent Configuration de APR/OpenSSL : useAprConnector [false], useOpenSSL [true]
04-Nov-2023 10:56:12.823 INFO [main] org.apache.catalina.core.AprLifecycleListener.initializeSSL OpenSSL a été initialisé avec succès [OpenSSL 3.0.11 19 Sep 2023]
04-Nov-2023 10:56:13.590 INFO [main] org.apache.coyote.AbstractProtocol.init Initialisation du gestionnaire de protocole ["http-nio-8080"]
04-Nov-2023 10:56:13.610 SEVERE [main] org.apache.catalina.util.LifecycleBase.handleSubClassException Echec d'initialisation du composant [Connector["http-nio-8080"]]
	org.apache.catalina.LifecycleException: L'initialisation du gestionnaire de protocole a échoué
		at org.apache.catalina.connector.Connector.initInternal(Connector.java:1011)
		at org.apache.catalina.util.LifecycleBase.init(LifecycleBase.java:127)
		at org.apache.catalina.core.StandardService.initInternal(StandardService.java:554)
		at org.apache.catalina.util.LifecycleBase.init(LifecycleBase.java:127)
		at org.apache.catalina.core.StandardServer.initInternal(StandardServer.java:1039)
		at org.apache.catalina.util.LifecycleBase.init(LifecycleBase.java:127)
		at org.apache.catalina.startup.Catalina.load(Catalina.java:724)
		at org.apache.catalina.startup.Catalina.load(Catalina.java:746)
		at java.base/jdk.internal.reflect.NativeMethodAccessorImpl.invoke0(Native Method)
		at java.base/jdk.internal.reflect.NativeMethodAccessorImpl.invoke(NativeMethodAccessorImpl.java:77)
		at java.base/jdk.internal.reflect.DelegatingMethodAccessorImpl.invoke(DelegatingMethodAccessorImpl.java:43)
		at java.base/java.lang.reflect.Method.invoke(Method.java:568)
		at org.apache.catalina.startup.Bootstrap.load(Bootstrap.java:307)
		at org.apache.catalina.startup.Bootstrap.main(Bootstrap.java:477)
	Caused by: java.net.BindException: Address already in use: bind
		at java.base/sun.nio.ch.Net.bind0(Native Method)
		at java.base/sun.nio.ch.Net.bind(Net.java:555)
		at java.base/sun.nio.ch.ServerSocketChannelImpl.netBind(ServerSocketChannelImpl.java:337)
		at java.base/sun.nio.ch.ServerSocketChannelImpl.bind(ServerSocketChannelImpl.java:294)
		at org.apache.tomcat.util.net.NioEndpoint.initServerSocket(NioEndpoint.java:276)
		at org.apache.tomcat.util.net.NioEndpoint.bind(NioEndpoint.java:231)
		at org.apache.tomcat.util.net.AbstractEndpoint.bindWithCleanup(AbstractEndpoint.java:1326)
		at org.apache.tomcat.util.net.AbstractEndpoint.init(AbstractEndpoint.java:1339)
		at org.apache.coyote.AbstractProtocol.init(AbstractProtocol.java:654)
		at org.apache.coyote.http11.AbstractHttp11Protocol.init(AbstractHttp11Protocol.java:75)
		at org.apache.catalina.connector.Connector.initInternal(Connector.java:1009)
		... 13 more
04-Nov-2023 10:56:13.612 INFO [main] org.apache.catalina.startup.Catalina.load L'initialisation du serveur a pris [1507] millisecondes
04-Nov-2023 10:56:13.731 INFO [main] org.apache.catalina.core.StandardService.startInternal Démarrage du service [Catalina]
04-Nov-2023 10:56:13.731 INFO [main] org.apache.catalina.core.StandardEngine.startInternal Démarrage du moteur de Servlets : [Apache Tomcat/9.0.82]
04-Nov-2023 10:56:13.767 INFO [main] org.apache.catalina.startup.HostConfig.deployDescriptor Déploiement du descripteur de configuration [C:\Users\abdelrahman\OneDrive\Bureau\cours\SOA\institu_soa\conf\Catalina\localhost\institu_soa.xml]
04-Nov-2023 10:56:15.668 WARNING [main] org.apache.tomcat.util.descriptor.web.WebXml.setVersion Version [6.0] inconnue, utilisation de la version par défaut
04-Nov-2023 10:56:15.693 WARNING [main] org.apache.tomcat.util.descriptor.web.WebXml.setVersion Version [5.0] inconnue, utilisation de la version par défaut
04-Nov-2023 10:56:15.999 WARNING [main] org.apache.tomcat.util.descriptor.web.WebXml.setVersion Version [6.0] inconnue, utilisation de la version par défaut
04-Nov-2023 10:56:35.109 INFO [main] org.apache.jasper.servlet.TldScanner.scanJars Au moins un fichier JAR a été analysé pour trouver des TLDs mais il n'en contenait pas, le mode "debug" du journal peut être activé pour obtenir une liste complète de JAR scannés sans succès ; éviter d'analyser des JARs inutilement peut améliorer sensiblement le temps de démarrage et le temps de compilation des JSPs
04-Nov-2023 10:56:35.311 INFO [main] org.apache.catalina.startup.HostConfig.deployDescriptor Le traitement du descripteur de déploiement [C:\Users\abdelrahman\OneDrive\Bureau\cours\SOA\institu_soa\conf\Catalina\localhost\institu_soa.xml] a pris [21 540] ms
04-Nov-2023 10:56:35.319 INFO [main] org.apache.catalina.startup.Catalina.start Le démarrage du serveur a pris [21706] millisecondes
04-Nov-2023 10:57:44.305 INFO [Thread-1] org.apache.coyote.AbstractProtocol.pause Le gestionnaire de protocole ["http-nio-8080"] est mis en pause
04-Nov-2023 10:57:44.306 INFO [Thread-1] org.apache.catalina.core.StandardService.stopInternal Arrêt du service [Catalina]
04-Nov-2023 10:57:44.320 INFO [Thread-1] org.apache.coyote.AbstractProtocol.stop Arrêt du gestionnaire de protocole ["http-nio-8080"]
04-Nov-2023 10:57:44.321 INFO [Thread-1] org.apache.coyote.AbstractProtocol.destroy Destruction du gestionnaire de protocole ["http-nio-8080"]
04-Nov-2023 10:59:37.992 INFO [main] org.apache.catalina.startup.VersionLoggerListener.log Nom version serveur :              Apache Tomcat/9.0.82
04-Nov-2023 10:59:38.000 INFO [main] org.apache.catalina.startup.VersionLoggerListener.log Serveur compilé :                  Oct 11 2023 13:15:08 UTC
04-Nov-2023 10:59:38.000 INFO [main] org.apache.catalina.startup.VersionLoggerListener.log Version du serveur :               9.0.82.0
04-Nov-2023 10:59:38.001 INFO [main] org.apache.catalina.startup.VersionLoggerListener.log Nom de l'OS :                      Windows 11
04-Nov-2023 10:59:38.001 INFO [main] org.apache.catalina.startup.VersionLoggerListener.log Version OS :                       10.0
04-Nov-2023 10:59:38.001 INFO [main] org.apache.catalina.startup.VersionLoggerListener.log Architecture :                     amd64
04-Nov-2023 10:59:38.001 INFO [main] org.apache.catalina.startup.VersionLoggerListener.log Java Home :                        C:\Program Files\Java\jdk-17
04-Nov-2023 10:59:38.002 INFO [main] org.apache.catalina.startup.VersionLoggerListener.log Version JVM :                      17.0.8+9-LTS-211
04-Nov-2023 10:59:38.002 INFO [main] org.apache.catalina.startup.VersionLoggerListener.log Fournisseur de la JVM :            Oracle Corporation
04-Nov-2023 10:59:38.002 INFO [main] org.apache.catalina.startup.VersionLoggerListener.log CATALINA_BASE :                    C:\Users\abdelrahman\OneDrive\Bureau\cours\SOA\institu_soa
04-Nov-2023 10:59:38.002 INFO [main] org.apache.catalina.startup.VersionLoggerListener.log CATALINA_HOME :                    C:\Program Files\apache-tomcat-9.0.82-windows-x64\apache-tomcat-9.0.82
04-Nov-2023 10:59:38.025 INFO [main] org.apache.catalina.startup.VersionLoggerListener.log Argument de la ligne de commande : --add-opens=java.base/java.lang=ALL-UNNAMED
04-Nov-2023 10:59:38.025 INFO [main] org.apache.catalina.startup.VersionLoggerListener.log Argument de la ligne de commande : --add-opens=java.base/java.io=ALL-UNNAMED
04-Nov-2023 10:59:38.025 INFO [main] org.apache.catalina.startup.VersionLoggerListener.log Argument de la ligne de commande : --add-opens=java.base/java.util=ALL-UNNAMED
04-Nov-2023 10:59:38.026 INFO [main] org.apache.catalina.startup.VersionLoggerListener.log Argument de la ligne de commande : --add-opens=java.base/java.util.concurrent=ALL-UNNAMED
04-Nov-2023 10:59:38.026 INFO [main] org.apache.catalina.startup.VersionLoggerListener.log Argument de la ligne de commande : --add-opens=java.rmi/sun.rmi.transport=ALL-UNNAMED
04-Nov-2023 10:59:38.026 INFO [main] org.apache.catalina.startup.VersionLoggerListener.log Argument de la ligne de commande : -Dcatalina.home=C:\Program Files\apache-tomcat-9.0.82-windows-x64\apache-tomcat-9.0.82
04-Nov-2023 10:59:38.026 INFO [main] org.apache.catalina.startup.VersionLoggerListener.log Argument de la ligne de commande : -Dcatalina.base=C:\Users\abdelrahman\OneDrive\Bureau\cours\SOA\institu_soa
04-Nov-2023 10:59:38.027 INFO [main] org.apache.catalina.startup.VersionLoggerListener.log Argument de la ligne de commande : -Djava.io.tmpdir=C:\Users\abdelrahman\OneDrive\Bureau\cours\SOA\institu_soa\temp
04-Nov-2023 10:59:38.027 INFO [main] org.apache.catalina.startup.VersionLoggerListener.log Argument de la ligne de commande : -Djava.util.logging.config.file=C:\Users\abdelrahman\OneDrive\Bureau\cours\SOA\institu_soa\conf\logging.properties
04-Nov-2023 10:59:38.027 INFO [main] org.apache.catalina.startup.VersionLoggerListener.log Argument de la ligne de commande : -Djava.util.logging.manager=org.apache.juli.ClassLoaderLogManager
04-Nov-2023 10:59:38.027 INFO [main] org.apache.catalina.startup.VersionLoggerListener.log Argument de la ligne de commande : -javaagent:C:\Program Files\JetBrains\IntelliJ IDEA 2022.3.2\lib\idea_rt.jar=54118:C:\Program Files\JetBrains\IntelliJ IDEA 2022.3.2\bin
04-Nov-2023 10:59:38.028 INFO [main] org.apache.catalina.startup.VersionLoggerListener.log Argument de la ligne de commande : -Dfile.encoding=UTF-8
04-Nov-2023 10:59:38.038 INFO [main] org.apache.catalina.core.AprLifecycleListener.lifecycleEvent Chargement de la librairie Apache Tomcat Native [1.2.39] en utilisant APR version [1.7.4]
04-Nov-2023 10:59:38.038 INFO [main] org.apache.catalina.core.AprLifecycleListener.lifecycleEvent Fonctionnalités d'APR : IPv6 [true], sendfile [true], accept filters [false], random [true], UDS [true]
04-Nov-2023 10:59:38.038 INFO [main] org.apache.catalina.core.AprLifecycleListener.lifecycleEvent Configuration de APR/OpenSSL : useAprConnector [false], useOpenSSL [true]
04-Nov-2023 10:59:38.055 INFO [main] org.apache.catalina.core.AprLifecycleListener.initializeSSL OpenSSL a été initialisé avec succès [OpenSSL 3.0.11 19 Sep 2023]
04-Nov-2023 10:59:38.738 INFO [main] org.apache.coyote.AbstractProtocol.init Initialisation du gestionnaire de protocole ["http-nio-8080"]
04-Nov-2023 10:59:38.754 SEVERE [main] org.apache.catalina.util.LifecycleBase.handleSubClassException Echec d'initialisation du composant [Connector["http-nio-8080"]]
	org.apache.catalina.LifecycleException: L'initialisation du gestionnaire de protocole a échoué
		at org.apache.catalina.connector.Connector.initInternal(Connector.java:1011)
		at org.apache.catalina.util.LifecycleBase.init(LifecycleBase.java:127)
		at org.apache.catalina.core.StandardService.initInternal(StandardService.java:554)
		at org.apache.catalina.util.LifecycleBase.init(LifecycleBase.java:127)
		at org.apache.catalina.core.StandardServer.initInternal(StandardServer.java:1039)
		at org.apache.catalina.util.LifecycleBase.init(LifecycleBase.java:127)
		at org.apache.catalina.startup.Catalina.load(Catalina.java:724)
		at org.apache.catalina.startup.Catalina.load(Catalina.java:746)
		at java.base/jdk.internal.reflect.NativeMethodAccessorImpl.invoke0(Native Method)
		at java.base/jdk.internal.reflect.NativeMethodAccessorImpl.invoke(NativeMethodAccessorImpl.java:77)
		at java.base/jdk.internal.reflect.DelegatingMethodAccessorImpl.invoke(DelegatingMethodAccessorImpl.java:43)
		at java.base/java.lang.reflect.Method.invoke(Method.java:568)
		at org.apache.catalina.startup.Bootstrap.load(Bootstrap.java:307)
		at org.apache.catalina.startup.Bootstrap.main(Bootstrap.java:477)
	Caused by: java.net.BindException: Address already in use: bind
		at java.base/sun.nio.ch.Net.bind0(Native Method)
		at java.base/sun.nio.ch.Net.bind(Net.java:555)
		at java.base/sun.nio.ch.ServerSocketChannelImpl.netBind(ServerSocketChannelImpl.java:337)
		at java.base/sun.nio.ch.ServerSocketChannelImpl.bind(ServerSocketChannelImpl.java:294)
		at org.apache.tomcat.util.net.NioEndpoint.initServerSocket(NioEndpoint.java:276)
		at org.apache.tomcat.util.net.NioEndpoint.bind(NioEndpoint.java:231)
		at org.apache.tomcat.util.net.AbstractEndpoint.bindWithCleanup(AbstractEndpoint.java:1326)
		at org.apache.tomcat.util.net.AbstractEndpoint.init(AbstractEndpoint.java:1339)
		at org.apache.coyote.AbstractProtocol.init(AbstractProtocol.java:654)
		at org.apache.coyote.http11.AbstractHttp11Protocol.init(AbstractHttp11Protocol.java:75)
		at org.apache.catalina.connector.Connector.initInternal(Connector.java:1009)
		... 13 more
04-Nov-2023 10:59:38.756 INFO [main] org.apache.catalina.startup.Catalina.load L'initialisation du serveur a pris [1263] millisecondes
04-Nov-2023 10:59:38.842 INFO [main] org.apache.catalina.core.StandardService.startInternal Démarrage du service [Catalina]
04-Nov-2023 10:59:38.843 INFO [main] org.apache.catalina.core.StandardEngine.startInternal Démarrage du moteur de Servlets : [Apache Tomcat/9.0.82]
04-Nov-2023 10:59:38.865 INFO [main] org.apache.catalina.startup.HostConfig.deployDescriptor Déploiement du descripteur de configuration [C:\Users\abdelrahman\OneDrive\Bureau\cours\SOA\institu_soa\conf\Catalina\localhost\institu_soa.xml]
04-Nov-2023 10:59:40.915 WARNING [main] org.apache.tomcat.util.descriptor.web.WebXml.setVersion Version [6.0] inconnue, utilisation de la version par défaut
04-Nov-2023 10:59:40.930 WARNING [main] org.apache.tomcat.util.descriptor.web.WebXml.setVersion Version [5.0] inconnue, utilisation de la version par défaut
04-Nov-2023 10:59:41.126 WARNING [main] org.apache.tomcat.util.descriptor.web.WebXml.setVersion Version [6.0] inconnue, utilisation de la version par défaut
04-Nov-2023 11:00:04.815 INFO [main] org.apache.jasper.servlet.TldScanner.scanJars Au moins un fichier JAR a été analysé pour trouver des TLDs mais il n'en contenait pas, le mode "debug" du journal peut être activé pour obtenir une liste complète de JAR scannés sans succès ; éviter d'analyser des JARs inutilement peut améliorer sensiblement le temps de démarrage et le temps de compilation des JSPs
04-Nov-2023 11:00:05.008 INFO [main] org.apache.catalina.startup.HostConfig.deployDescriptor Le traitement du descripteur de déploiement [C:\Users\abdelrahman\OneDrive\Bureau\cours\SOA\institu_soa\conf\Catalina\localhost\institu_soa.xml] a pris [26 137] ms
04-Nov-2023 11:00:05.017 INFO [main] org.apache.catalina.startup.Catalina.start Le démarrage du serveur a pris [26260] millisecondes
04-Nov-2023 11:03:54.987 INFO [Thread-1] org.apache.coyote.AbstractProtocol.pause Le gestionnaire de protocole ["http-nio-8080"] est mis en pause
04-Nov-2023 11:03:54.987 INFO [Thread-1] org.apache.catalina.core.StandardService.stopInternal Arrêt du service [Catalina]
04-Nov-2023 11:03:55.044 INFO [Thread-1] org.apache.coyote.AbstractProtocol.stop Arrêt du gestionnaire de protocole ["http-nio-8080"]
04-Nov-2023 11:03:55.049 INFO [Thread-1] org.apache.coyote.AbstractProtocol.destroy Destruction du gestionnaire de protocole ["http-nio-8080"]
04-Nov-2023 11:06:24.185 INFO [main] org.apache.catalina.startup.VersionLoggerListener.log Nom version serveur :              Apache Tomcat/9.0.82
04-Nov-2023 11:06:24.192 INFO [main] org.apache.catalina.startup.VersionLoggerListener.log Serveur compilé :                  Oct 11 2023 13:15:08 UTC
04-Nov-2023 11:06:24.193 INFO [main] org.apache.catalina.startup.VersionLoggerListener.log Version du serveur :               9.0.82.0
04-Nov-2023 11:06:24.193 INFO [main] org.apache.catalina.startup.VersionLoggerListener.log Nom de l'OS :                      Windows 11
04-Nov-2023 11:06:24.193 INFO [main] org.apache.catalina.startup.VersionLoggerListener.log Version OS :                       10.0
04-Nov-2023 11:06:24.193 INFO [main] org.apache.catalina.startup.VersionLoggerListener.log Architecture :                     amd64
04-Nov-2023 11:06:24.193 INFO [main] org.apache.catalina.startup.VersionLoggerListener.log Java Home :                        C:\Program Files\Java\jdk-17
04-Nov-2023 11:06:24.194 INFO [main] org.apache.catalina.startup.VersionLoggerListener.log Version JVM :                      17.0.8+9-LTS-211
04-Nov-2023 11:06:24.194 INFO [main] org.apache.catalina.startup.VersionLoggerListener.log Fournisseur de la JVM :            Oracle Corporation
04-Nov-2023 11:06:24.195 INFO [main] org.apache.catalina.startup.VersionLoggerListener.log CATALINA_BASE :                    C:\Users\abdelrahman\OneDrive\Bureau\cours\SOA\institu_soa
04-Nov-2023 11:06:24.195 INFO [main] org.apache.catalina.startup.VersionLoggerListener.log CATALINA_HOME :                    C:\Program Files\apache-tomcat-9.0.82-windows-x64\apache-tomcat-9.0.82
04-Nov-2023 11:06:24.218 INFO [main] org.apache.catalina.startup.VersionLoggerListener.log Argument de la ligne de commande : --add-opens=java.base/java.lang=ALL-UNNAMED
04-Nov-2023 11:06:24.218 INFO [main] org.apache.catalina.startup.VersionLoggerListener.log Argument de la ligne de commande : --add-opens=java.base/java.io=ALL-UNNAMED
04-Nov-2023 11:06:24.219 INFO [main] org.apache.catalina.startup.VersionLoggerListener.log Argument de la ligne de commande : --add-opens=java.base/java.util=ALL-UNNAMED
04-Nov-2023 11:06:24.219 INFO [main] org.apache.catalina.startup.VersionLoggerListener.log Argument de la ligne de commande : --add-opens=java.base/java.util.concurrent=ALL-UNNAMED
04-Nov-2023 11:06:24.219 INFO [main] org.apache.catalina.startup.VersionLoggerListener.log Argument de la ligne de commande : --add-opens=java.rmi/sun.rmi.transport=ALL-UNNAMED
04-Nov-2023 11:06:24.219 INFO [main] org.apache.catalina.startup.VersionLoggerListener.log Argument de la ligne de commande : -Dcatalina.home=C:\Program Files\apache-tomcat-9.0.82-windows-x64\apache-tomcat-9.0.82
04-Nov-2023 11:06:24.219 INFO [main] org.apache.catalina.startup.VersionLoggerListener.log Argument de la ligne de commande : -Dcatalina.base=C:\Users\abdelrahman\OneDrive\Bureau\cours\SOA\institu_soa
04-Nov-2023 11:06:24.219 INFO [main] org.apache.catalina.startup.VersionLoggerListener.log Argument de la ligne de commande : -Djava.io.tmpdir=C:\Users\abdelrahman\OneDrive\Bureau\cours\SOA\institu_soa\temp
04-Nov-2023 11:06:24.220 INFO [main] org.apache.catalina.startup.VersionLoggerListener.log Argument de la ligne de commande : -Djava.util.logging.config.file=C:\Users\abdelrahman\OneDrive\Bureau\cours\SOA\institu_soa\conf\logging.properties
04-Nov-2023 11:06:24.220 INFO [main] org.apache.catalina.startup.VersionLoggerListener.log Argument de la ligne de commande : -Djava.util.logging.manager=org.apache.juli.ClassLoaderLogManager
04-Nov-2023 11:06:24.220 INFO [main] org.apache.catalina.startup.VersionLoggerListener.log Argument de la ligne de commande : -javaagent:C:\Program Files\JetBrains\IntelliJ IDEA 2022.3.2\lib\idea_rt.jar=54158:C:\Program Files\JetBrains\IntelliJ IDEA 2022.3.2\bin
04-Nov-2023 11:06:24.220 INFO [main] org.apache.catalina.startup.VersionLoggerListener.log Argument de la ligne de commande : -Dfile.encoding=UTF-8
04-Nov-2023 11:06:24.230 INFO [main] org.apache.catalina.core.AprLifecycleListener.lifecycleEvent Chargement de la librairie Apache Tomcat Native [1.2.39] en utilisant APR version [1.7.4]
04-Nov-2023 11:06:24.231 INFO [main] org.apache.catalina.core.AprLifecycleListener.lifecycleEvent Fonctionnalités d'APR : IPv6 [true], sendfile [true], accept filters [false], random [true], UDS [true]
04-Nov-2023 11:06:24.231 INFO [main] org.apache.catalina.core.AprLifecycleListener.lifecycleEvent Configuration de APR/OpenSSL : useAprConnector [false], useOpenSSL [true]
04-Nov-2023 11:06:24.249 INFO [main] org.apache.catalina.core.AprLifecycleListener.initializeSSL OpenSSL a été initialisé avec succès [OpenSSL 3.0.11 19 Sep 2023]
04-Nov-2023 11:06:24.948 INFO [main] org.apache.coyote.AbstractProtocol.init Initialisation du gestionnaire de protocole ["http-nio-8080"]
04-Nov-2023 11:06:24.970 SEVERE [main] org.apache.catalina.util.LifecycleBase.handleSubClassException Echec d'initialisation du composant [Connector["http-nio-8080"]]
	org.apache.catalina.LifecycleException: L'initialisation du gestionnaire de protocole a échoué
		at org.apache.catalina.connector.Connector.initInternal(Connector.java:1011)
		at org.apache.catalina.util.LifecycleBase.init(LifecycleBase.java:127)
		at org.apache.catalina.core.StandardService.initInternal(StandardService.java:554)
		at org.apache.catalina.util.LifecycleBase.init(LifecycleBase.java:127)
		at org.apache.catalina.core.StandardServer.initInternal(StandardServer.java:1039)
		at org.apache.catalina.util.LifecycleBase.init(LifecycleBase.java:127)
		at org.apache.catalina.startup.Catalina.load(Catalina.java:724)
		at org.apache.catalina.startup.Catalina.load(Catalina.java:746)
		at java.base/jdk.internal.reflect.NativeMethodAccessorImpl.invoke0(Native Method)
		at java.base/jdk.internal.reflect.NativeMethodAccessorImpl.invoke(NativeMethodAccessorImpl.java:77)
		at java.base/jdk.internal.reflect.DelegatingMethodAccessorImpl.invoke(DelegatingMethodAccessorImpl.java:43)
		at java.base/java.lang.reflect.Method.invoke(Method.java:568)
		at org.apache.catalina.startup.Bootstrap.load(Bootstrap.java:307)
		at org.apache.catalina.startup.Bootstrap.main(Bootstrap.java:477)
	Caused by: java.net.BindException: Address already in use: bind
		at java.base/sun.nio.ch.Net.bind0(Native Method)
		at java.base/sun.nio.ch.Net.bind(Net.java:555)
		at java.base/sun.nio.ch.ServerSocketChannelImpl.netBind(ServerSocketChannelImpl.java:337)
		at java.base/sun.nio.ch.ServerSocketChannelImpl.bind(ServerSocketChannelImpl.java:294)
		at org.apache.tomcat.util.net.NioEndpoint.initServerSocket(NioEndpoint.java:276)
		at org.apache.tomcat.util.net.NioEndpoint.bind(NioEndpoint.java:231)
		at org.apache.tomcat.util.net.AbstractEndpoint.bindWithCleanup(AbstractEndpoint.java:1326)
		at org.apache.tomcat.util.net.AbstractEndpoint.init(AbstractEndpoint.java:1339)
		at org.apache.coyote.AbstractProtocol.init(AbstractProtocol.java:654)
		at org.apache.coyote.http11.AbstractHttp11Protocol.init(AbstractHttp11Protocol.java:75)
		at org.apache.catalina.connector.Connector.initInternal(Connector.java:1009)
		... 13 more
04-Nov-2023 11:06:24.972 INFO [main] org.apache.catalina.startup.Catalina.load L'initialisation du serveur a pris [1209] millisecondes
04-Nov-2023 11:06:25.073 INFO [main] org.apache.catalina.core.StandardService.startInternal Démarrage du service [Catalina]
04-Nov-2023 11:06:25.073 INFO [main] org.apache.catalina.core.StandardEngine.startInternal Démarrage du moteur de Servlets : [Apache Tomcat/9.0.82]
04-Nov-2023 11:06:25.099 INFO [main] org.apache.catalina.startup.HostConfig.deployDescriptor Déploiement du descripteur de configuration [C:\Users\abdelrahman\OneDrive\Bureau\cours\SOA\institu_soa\conf\Catalina\localhost\institu_soa.xml]
04-Nov-2023 11:06:27.343 WARNING [main] org.apache.tomcat.util.descriptor.web.WebXml.setVersion Version [6.0] inconnue, utilisation de la version par défaut
04-Nov-2023 11:06:27.364 WARNING [main] org.apache.tomcat.util.descriptor.web.WebXml.setVersion Version [5.0] inconnue, utilisation de la version par défaut
04-Nov-2023 11:06:27.568 WARNING [main] org.apache.tomcat.util.descriptor.web.WebXml.setVersion Version [6.0] inconnue, utilisation de la version par défaut
04-Nov-2023 11:06:47.265 INFO [main] org.apache.jasper.servlet.TldScanner.scanJars Au moins un fichier JAR a été analysé pour trouver des TLDs mais il n'en contenait pas, le mode "debug" du journal peut être activé pour obtenir une liste complète de JAR scannés sans succès ; éviter d'analyser des JARs inutilement peut améliorer sensiblement le temps de démarrage et le temps de compilation des JSPs
04-Nov-2023 11:06:47.492 WARNING [main] org.apache.catalina.util.SessionIdGeneratorBase.createSecureRandom La création de l'instance de SecureRandom pour le générateur d'id de session en utilisant [SHA1PRNG] a pris [132] millisecondes
04-Nov-2023 11:06:47.549 INFO [main] org.apache.catalina.startup.HostConfig.deployDescriptor Le traitement du descripteur de déploiement [C:\Users\abdelrahman\OneDrive\Bureau\cours\SOA\institu_soa\conf\Catalina\localhost\institu_soa.xml] a pris [22 450] ms
04-Nov-2023 11:06:47.560 INFO [main] org.apache.catalina.startup.Catalina.start Le démarrage du serveur a pris [22587] millisecondes
04-Nov-2023 11:14:24.142 INFO [Thread-1] org.apache.coyote.AbstractProtocol.pause Le gestionnaire de protocole ["http-nio-8080"] est mis en pause
04-Nov-2023 11:14:24.143 INFO [Thread-1] org.apache.catalina.core.StandardService.stopInternal Arrêt du service [Catalina]
04-Nov-2023 11:14:24.161 INFO [Thread-1] org.apache.coyote.AbstractProtocol.stop Arrêt du gestionnaire de protocole ["http-nio-8080"]
04-Nov-2023 11:14:24.163 INFO [Thread-1] org.apache.coyote.AbstractProtocol.destroy Destruction du gestionnaire de protocole ["http-nio-8080"]
